<?xml version="1.0" encoding="UTF-8"?>
<testng-results ignored="0" total="3" passed="3" failed="0" skipped="0">
  <reporter-output>
  </reporter-output>
  <suite started-at="2023-08-03T16:13:31 IST" name="Default suite" finished-at="2023-08-03T16:13:31 IST" duration-ms="64">
    <groups>
    </groups>
    <test started-at="2023-08-03T16:13:31 IST" name="Default test" finished-at="2023-08-03T16:13:31 IST" duration-ms="64">
      <class name="TestNG.first_Test">
        <test-method signature="Close_Browser()[pri:0, instance:TestNG.first_Test@60099951]" started-at="2023-08-03T16:13:31 IST" name="Close_Browser" finished-at="2023-08-03T16:13:31 IST" duration-ms="9" status="PASS">
          <reporter-output>
          </reporter-output>
        </test-method> <!-- Close_Browser -->
        <test-method signature="Login()[pri:0, instance:TestNG.first_Test@60099951]" started-at="2023-08-03T16:13:31 IST" name="Login" finished-at="2023-08-03T16:13:31 IST" duration-ms="1" status="PASS">
          <reporter-output>
          </reporter-output>
        </test-method> <!-- Login -->
        <test-method signature="Setup_Browser()[pri:0, instance:TestNG.first_Test@60099951]" started-at="2023-08-03T16:13:31 IST" name="Setup_Browser" finished-at="2023-08-03T16:13:31 IST" duration-ms="1" status="PASS">
          <reporter-output>
          </reporter-output>
        </test-method> <!-- Setup_Browser -->
      </class> <!-- TestNG.first_Test -->
    </test> <!-- Default test -->
  </suite> <!-- Default suite -->
</testng-results>
