<?xml version="1.0" encoding="UTF-8"?>
<!-- Generated by org.testng.reporters.JUnitXMLReporter -->
<testsuite ignored="0" hostname="IN-PGJADHAV" failures="0" tests="6" name="Test" time="0.054" errors="0" timestamp="2023-08-03T16:33:18 IST">
  <testcase classname="TestNG_Annotations.Home_Loan" name="home_loan_1" time="0.005"/>
  <testcase classname="TestNG_Annotations.Home_Loan" name="home_loan_2" time="0.001"/>
  <testcase classname="TestNG_Annotations.Personal_Loan" name="Personal_loan_1" time="0.001"/>
  <testcase classname="TestNG_Annotations.Personal_Loan" name="Personal_loan_2" time="0.002"/>
  <testcase classname="TestNG_Annotations.Car_Loan" name="car_loan_1" time="0.001"/>
  <testcase classname="TestNG_Annotations.Car_Loan" name="car_loan_2" time="0.001"/>
</testsuite> <!-- Test -->
